d:\josip\development\visual studio 2017\3d-vanity-kd_tree\main\x64\debug\sample3dscenerenderer.obj
d:\josip\development\visual studio 2017\3d-vanity-kd_tree\main\x64\debug\app.obj
d:\josip\development\visual studio 2017\3d-vanity-kd_tree\main\x64\debug\mainmain.obj
d:\josip\development\visual studio 2017\3d-vanity-kd_tree\main\x64\debug\deviceresources.obj
d:\josip\development\visual studio 2017\3d-vanity-kd_tree\main\x64\debug\samplefpstextrenderer.obj
d:\josip\development\visual studio 2017\3d-vanity-kd_tree\main\x64\debug\pch.pch
d:\josip\development\visual studio 2017\3d-vanity-kd_tree\main\x64\debug\vc141.pdb
d:\josip\development\visual studio 2017\3d-vanity-kd_tree\main\x64\debug\vc141.idb
d:\josip\development\visual studio 2017\3d-vanity-kd_tree\main\x64\debug\pch.obj
d:\josip\development\visual studio 2017\3d-vanity-kd_tree\main\x64\debug\renderer3d.obj
d:\josip\development\visual studio 2017\3d-vanity-kd_tree\main\x64\debug\program.obj
d:\josip\development\visual studio 2017\3d-vanity-kd_tree\x64\debug\main\main.exe
d:\josip\development\visual studio 2017\3d-vanity-kd_tree\x64\debug\main\main.ilk
d:\josip\development\visual studio 2017\3d-vanity-kd_tree\x64\debug\main\main.pdb
d:\josip\development\visual studio 2017\3d-vanity-kd_tree\x64\debug\main\main.winmd
d:\josip\development\visual studio 2017\3d-vanity-kd_tree\main\x64\debug\resourcehandlingtask.state
d:\josip\development\visual studio 2017\3d-vanity-kd_tree\main\x64\debug\main.vcxproj.generateresource.cache
d:\josip\development\visual studio 2017\3d-vanity-kd_tree\main\x64\debug\priconfig.xml
d:\josip\development\visual studio 2017\3d-vanity-kd_tree\main\x64\debug\priconfig.xml.intermediate
d:\josip\development\visual studio 2017\3d-vanity-kd_tree\main\x64\debug\unfiltered.layout.resfiles
d:\josip\development\visual studio 2017\3d-vanity-kd_tree\main\x64\debug\unfiltered.layout.resfiles.intermediate
d:\josip\development\visual studio 2017\3d-vanity-kd_tree\main\x64\debug\filtered.layout.resfiles
d:\josip\development\visual studio 2017\3d-vanity-kd_tree\main\x64\debug\filtered.layout.resfiles.intermediate
d:\josip\development\visual studio 2017\3d-vanity-kd_tree\main\x64\debug\excluded.layout.resfiles
d:\josip\development\visual studio 2017\3d-vanity-kd_tree\main\x64\debug\excluded.layout.resfiles.intermediate
d:\josip\development\visual studio 2017\3d-vanity-kd_tree\main\x64\debug\resources.resfiles
d:\josip\development\visual studio 2017\3d-vanity-kd_tree\main\x64\debug\resources.resfiles.intermediate
d:\josip\development\visual studio 2017\3d-vanity-kd_tree\main\x64\debug\pri.resfiles
d:\josip\development\visual studio 2017\3d-vanity-kd_tree\main\x64\debug\pri.resfiles.intermediate
d:\josip\development\visual studio 2017\3d-vanity-kd_tree\x64\debug\main\resources.pri
d:\josip\development\visual studio 2017\3d-vanity-kd_tree\main\x64\debug\qualifiers.txt
d:\josip\development\visual studio 2017\3d-vanity-kd_tree\main\x64\debug\qualifiers.txt.intermediate
d:\josip\development\visual studio 2017\3d-vanity-kd_tree\main\x64\debug\multiplequalifiersperdimensionfound.txt
d:\josip\development\visual studio 2017\3d-vanity-kd_tree\main\x64\debug\projectarchitectures.txt
d:\josip\development\visual studio 2017\3d-vanity-kd_tree\x64\debug\main\appxmanifest.xml
d:\josip\development\visual studio 2017\3d-vanity-kd_tree\x64\debug\main\main.build.appxrecipe
d:\josip\development\visual studio 2017\3d-vanity-kd_tree\main\x64\debug\main.vcxprojassemblyreference.cache
d:\josip\development\visual studio 2017\3d-vanity-kd_tree\main\x64\debug\main.tlog\cl.command.1.tlog
d:\josip\development\visual studio 2017\3d-vanity-kd_tree\main\x64\debug\main.tlog\cl.read.1.tlog
d:\josip\development\visual studio 2017\3d-vanity-kd_tree\main\x64\debug\main.tlog\cl.write.1.tlog
d:\josip\development\visual studio 2017\3d-vanity-kd_tree\main\x64\debug\main.tlog\fxc.command.1.tlog
d:\josip\development\visual studio 2017\3d-vanity-kd_tree\main\x64\debug\main.tlog\fxc.read.1.tlog
d:\josip\development\visual studio 2017\3d-vanity-kd_tree\main\x64\debug\main.tlog\fxc.write.1.tlog
d:\josip\development\visual studio 2017\3d-vanity-kd_tree\main\x64\debug\main.tlog\link.command.1.tlog
d:\josip\development\visual studio 2017\3d-vanity-kd_tree\main\x64\debug\main.tlog\link.read.1.tlog
d:\josip\development\visual studio 2017\3d-vanity-kd_tree\main\x64\debug\main.tlog\link.write.1.tlog
d:\josip\development\visual studio 2017\3d-vanity-kd_tree\main\x64\debug\main.tlog\main.read.1u.tlog
d:\josip\development\visual studio 2017\3d-vanity-kd_tree\main\x64\debug\main.tlog\main.write.1u.tlog
