d:\josip\development\visual studio 2017\3d-vanity-kd_tree\engine\x64\debug\engine.pch
d:\josip\development\visual studio 2017\3d-vanity-kd_tree\engine\x64\debug\engine.pdb
d:\josip\development\visual studio 2017\3d-vanity-kd_tree\engine\x64\debug\engine.idb
d:\josip\development\visual studio 2017\3d-vanity-kd_tree\engine\x64\debug\pch.obj
d:\josip\development\visual studio 2017\3d-vanity-kd_tree\engine\x64\debug\app.obj
d:\josip\development\visual studio 2017\3d-vanity-kd_tree\engine\x64\debug\tree.obj
d:\josip\development\visual studio 2017\3d-vanity-kd_tree\engine\x64\debug\wictextureloader.obj
d:\josip\development\visual studio 2017\3d-vanity-kd_tree\engine\x64\debug\engine main.obj
d:\josip\development\visual studio 2017\3d-vanity-kd_tree\engine\x64\debug\vertex.obj
d:\josip\development\visual studio 2017\3d-vanity-kd_tree\engine\x64\debug\ddstextureloader.obj
d:\josip\development\visual studio 2017\3d-vanity-kd_tree\engine\x64\debug\resource factory.obj
d:\josip\development\visual studio 2017\3d-vanity-kd_tree\engine\x64\debug\texture2d.obj
d:\josip\development\visual studio 2017\3d-vanity-kd_tree\engine\x64\debug\vertextypes.obj
d:\josip\development\visual studio 2017\3d-vanity-kd_tree\engine\x64\debug\samplefpstextrenderer.obj
d:\josip\development\visual studio 2017\3d-vanity-kd_tree\engine\x64\debug\node.obj
d:\josip\development\visual studio 2017\3d-vanity-kd_tree\engine\x64\debug\input controller.obj
d:\josip\development\visual studio 2017\3d-vanity-kd_tree\engine\x64\debug\deviceresources.obj
d:\josip\development\visual studio 2017\3d-vanity-kd_tree\engine\x64\debug\repository.obj
d:\josip\development\visual studio 2017\3d-vanity-kd_tree\engine\x64\debug\rendererbase3d.obj
d:\josip\development\visual studio 2017\3d-vanity-kd_tree\engine\x64\debug\state factory.obj
d:\josip\development\visual studio 2017\3d-vanity-kd_tree\engine\x64\debug\firstperson camera.obj
d:\josip\development\visual studio 2017\3d-vanity-kd_tree\x64\debug\engine\engine.pdb
d:\josip\development\visual studio 2017\3d-vanity-kd_tree\engine\x64\debug\priconfig.xml
d:\josip\development\visual studio 2017\3d-vanity-kd_tree\engine\x64\debug\priconfig.xml.intermediate
d:\josip\development\visual studio 2017\3d-vanity-kd_tree\engine\x64\debug\unfiltered.layout.resfiles
d:\josip\development\visual studio 2017\3d-vanity-kd_tree\engine\x64\debug\unfiltered.layout.resfiles.intermediate
d:\josip\development\visual studio 2017\3d-vanity-kd_tree\engine\x64\debug\filtered.layout.resfiles
d:\josip\development\visual studio 2017\3d-vanity-kd_tree\engine\x64\debug\filtered.layout.resfiles.intermediate
d:\josip\development\visual studio 2017\3d-vanity-kd_tree\engine\x64\debug\excluded.layout.resfiles
d:\josip\development\visual studio 2017\3d-vanity-kd_tree\engine\x64\debug\excluded.layout.resfiles.intermediate
d:\josip\development\visual studio 2017\3d-vanity-kd_tree\engine\x64\debug\resources.resfiles
d:\josip\development\visual studio 2017\3d-vanity-kd_tree\engine\x64\debug\resources.resfiles.intermediate
d:\josip\development\visual studio 2017\3d-vanity-kd_tree\engine\x64\debug\pri.resfiles
d:\josip\development\visual studio 2017\3d-vanity-kd_tree\engine\x64\debug\pri.resfiles.intermediate
d:\josip\development\visual studio 2017\3d-vanity-kd_tree\x64\debug\engine\engine.pri
d:\josip\development\visual studio 2017\3d-vanity-kd_tree\engine\x64\debug\qualifiers.txt
d:\josip\development\visual studio 2017\3d-vanity-kd_tree\engine\x64\debug\qualifiers.txt.intermediate
d:\josip\development\visual studio 2017\3d-vanity-kd_tree\engine\x64\debug\multiplequalifiersperdimensionfound.txt
d:\josip\development\visual studio 2017\3d-vanity-kd_tree\x64\debug\engine\engine.lib
d:\josip\development\visual studio 2017\3d-vanity-kd_tree\engine\x64\debug\engine.tlog\cl.command.1.tlog
d:\josip\development\visual studio 2017\3d-vanity-kd_tree\engine\x64\debug\engine.tlog\cl.read.1.tlog
d:\josip\development\visual studio 2017\3d-vanity-kd_tree\engine\x64\debug\engine.tlog\cl.write.1.tlog
d:\josip\development\visual studio 2017\3d-vanity-kd_tree\engine\x64\debug\engine.tlog\engine.read.1u.tlog
d:\josip\development\visual studio 2017\3d-vanity-kd_tree\engine\x64\debug\engine.tlog\engine.write.1u.tlog
d:\josip\development\visual studio 2017\3d-vanity-kd_tree\engine\x64\debug\engine.tlog\lib-link.read.1.tlog
d:\josip\development\visual studio 2017\3d-vanity-kd_tree\engine\x64\debug\engine.tlog\lib-link.write.1.tlog
d:\josip\development\visual studio 2017\3d-vanity-kd_tree\engine\x64\debug\engine.tlog\lib.command.1.tlog
